3817 [JavaFX Application Thread] INFO  o.b.f.t.controllers.LoginController - LoginController initialized
17556 [JavaFX Application Thread] INFO  o.b.f.t.controllers.TrainController - Application initialized
39671 [JavaFX Application Thread] INFO  o.b.f.t.c.TrainCreateController - TrainCreateController initialized
59706 [JavaFX Application Thread] INFO  o.b.f.t.c.TrainCreateController - TrainCreateController initialized
4569 [JavaFX Application Thread] INFO  o.b.f.t.controllers.LoginController - LoginController initialized
17438 [JavaFX Application Thread] INFO  o.b.f.t.controllers.TrainController - Application initialized
25863 [JavaFX Application Thread] INFO  o.b.f.t.c.TrainCreateController - TrainCreateController initialized
3965 [JavaFX Application Thread] INFO  o.b.f.t.controllers.LoginController - LoginController initialized
11394 [JavaFX Application Thread] INFO  o.b.f.t.controllers.TrainController - Application initialized
4127 [JavaFX Application Thread] INFO  o.b.f.t.controllers.LoginController - LoginController initialized
9718 [JavaFX Application Thread] INFO  o.b.f.t.controllers.TrainController - Application initialized
5071 [JavaFX Application Thread] INFO  o.b.f.t.controllers.LoginController - LoginController initialized
10048 [JavaFX Application Thread] INFO  o.b.f.t.controllers.TrainController - Application initialized
4550 [JavaFX Application Thread] INFO  o.b.f.t.controllers.LoginController - LoginController initialized
9654 [JavaFX Application Thread] INFO  o.b.f.t.controllers.TrainController - Application initialized
5070 [JavaFX Application Thread] INFO  o.b.f.t.controllers.LoginController - LoginController initialized
9472 [JavaFX Application Thread] INFO  o.b.f.t.controllers.TrainController - Application initialized
22304 [JavaFX Application Thread] INFO  o.b.f.t.c.TrainCreateController - TrainCreateController initialized
29681 [JavaFX Application Thread] INFO  o.b.f.t.c.FindUserIdController - FindUserController initialized
36776 [JavaFX Application Thread] INFO  o.b.f.t.c.TrainEditController - TrainEditController initialized
40196 [JavaFX Application Thread] INFO  o.b.f.t.c.TrainDetailViewController - TrainDetailViewController initialized
46888 [JavaFX Application Thread] INFO  o.b.f.t.c.TrainDetailViewController - TrainDetailViewController initialized
4049 [JavaFX Application Thread] INFO  o.b.f.t.controllers.LoginController - LoginController initialized
8272 [JavaFX Application Thread] INFO  o.b.f.t.controllers.TrainController - Application initialized
3819 [JavaFX Application Thread] INFO  o.b.f.t.controllers.LoginController - LoginController initialized
8680 [JavaFX Application Thread] INFO  o.b.f.t.controllers.TrainController - Application initialized
3866 [JavaFX Application Thread] INFO  o.b.f.t.controllers.LoginController - LoginController initialized
9645 [JavaFX Application Thread] INFO  o.b.f.t.controllers.TrainController - Application initialized
4086 [JavaFX Application Thread] INFO  o.b.f.t.controllers.LoginController - LoginController initialized
8996 [JavaFX Application Thread] INFO  o.b.f.t.controllers.TrainController - Application initialized
