3130 [JavaFX Application Thread] INFO  o.b.f.t.controllers.LoginController - LoginController initialized
10065 [JavaFX Application Thread] INFO  o.b.f.t.controllers.TrainController - Application initialized
3606 [JavaFX Application Thread] INFO  o.b.f.t.controllers.LoginController - LoginController initialized
10785 [JavaFX Application Thread] INFO  o.b.f.t.controllers.TrainController - Application initialized
2825 [JavaFX Application Thread] INFO  o.b.f.t.controllers.LoginController - LoginController initialized
10170 [JavaFX Application Thread] INFO  o.b.f.t.controllers.TrainController - Application initialized
22320 [JavaFX Application Thread] INFO  o.b.f.t.c.TrainCreateController - TrainCreateController initialized
109177 [JavaFX Application Thread] INFO  o.b.f.t.c.FindUserIdController - FindUserController initialized
4005 [JavaFX Application Thread] INFO  o.b.f.t.controllers.LoginController - LoginController initialized
6439 [JavaFX Application Thread] INFO  o.b.f.t.controllers.LoginController - LoginController initialized
22163 [JavaFX Application Thread] INFO  o.b.f.t.controllers.TrainController - Application initialized
26003 [JavaFX Application Thread] INFO  o.b.f.t.c.TrainCreateController - TrainCreateController initialized
3857 [JavaFX Application Thread] INFO  o.b.f.t.controllers.LoginController - LoginController initialized
107327 [JavaFX Application Thread] INFO  o.b.f.t.controllers.TrainController - Application initialized
1037012 [JavaFX Application Thread] INFO  o.b.f.t.c.TrainEditController - TrainEditController initialized
1115548 [JavaFX Application Thread] INFO  o.b.f.t.c.TrainEditController - TrainEditController initialized
1200711 [JavaFX Application Thread] INFO  o.b.f.t.c.TrainDetailViewController - TrainDetailViewController initialized
1235268 [JavaFX Application Thread] INFO  o.b.f.t.c.TrainDetailViewController - TrainDetailViewController initialized
2577401 [JavaFX Application Thread] INFO  o.b.f.t.c.TrainCreateController - TrainCreateController initialized
2653815 [JavaFX Application Thread] INFO  o.b.f.t.c.TrainCreateController - TrainCreateController initialized
2659585 [JavaFX Application Thread] INFO  o.b.f.t.c.TrainCreateController - TrainCreateController initialized
2669808 [JavaFX Application Thread] INFO  o.b.f.t.c.TrainCreateController - TrainCreateController initialized
2720057 [JavaFX Application Thread] INFO  o.b.f.t.c.TrainCreateController - TrainCreateController initialized
2868704 [JavaFX Application Thread] INFO  o.b.f.t.c.TrainCreateController - TrainCreateController initialized
4457 [JavaFX Application Thread] INFO  o.b.f.t.controllers.LoginController - LoginController initialized
25430 [JavaFX Application Thread] INFO  o.b.f.t.controllers.TrainController - Application initialized
88976 [JavaFX Application Thread] INFO  o.b.f.t.c.FindUserIdController - FindUserController initialized
5811 [JavaFX Application Thread] INFO  o.b.f.t.controllers.LoginController - LoginController initialized
28431 [JavaFX Application Thread] INFO  o.b.f.t.controllers.TrainController - Application initialized
34403 [JavaFX Application Thread] INFO  o.b.f.t.c.TrainCreateController - TrainCreateController initialized
49406 [JavaFX Application Thread] INFO  o.b.f.t.c.FindUserIdController - FindUserController initialized
4983 [JavaFX Application Thread] INFO  o.b.f.t.controllers.LoginController - LoginController initialized
32591 [JavaFX Application Thread] INFO  o.b.f.t.controllers.TrainController - Application initialized
